# JRE version: Java(TM) SE Runtime Environment (7.0_71-b14) (build 1.7.0_71-b14)
# Java VM: Java HotSpot(TM) 64-Bit Server VM (24.71-b01 mixed mode windows-amd64 compressed oops)
Heap
 PSYoungGen      total 36864K, used 14639K [0x00000007d6000000, 0x00000007d8900000, 0x0000000800000000)
  eden space 32768K, 40% used [0x00000007d6000000,0x00000007d6cffe50,0x00000007d8000000)
  from space 4096K, 32% used [0x00000007d8500000,0x00000007d864c0b0,0x00000007d8900000)
  to   space 4608K, 0% used [0x00000007d8000000,0x00000007d8000000,0x00000007d8480000)
 ParOldGen       total 97280K, used 70382K [0x0000000782000000, 0x0000000787f00000, 0x00000007d6000000)
  object space 97280K, 72% used [0x0000000782000000,0x00000007864bba80,0x0000000787f00000)
 PSPermGen       total 29184K, used 14420K [0x000000077ce00000, 0x000000077ea80000, 0x0000000782000000)
  object space 29184K, 49% used [0x000000077ce00000,0x000000077dc15218,0x000000077ea80000)
GC Heap History (10 events):
Event: 672.126 GC heap before
{Heap before GC invocations=147 (full 1):
 PSYoungGen      total 36352K, used 36288K [0x00000007d6000000, 0x00000007d8d80000, 0x0000000800000000)
  eden space 35328K, 100% used [0x00000007d6000000,0x00000007d8280000,0x00000007d8280000)
  from space 1024K, 93% used [0x00000007d8300000,0x00000007d83f00c0,0x00000007d8400000)
  to   space 5632K, 0% used [0x00000007d8800000,0x00000007d8800000,0x00000007d8d80000)
 ParOldGen       total 97280K, used 67742K [0x0000000782000000, 0x0000000787f00000, 0x00000007d6000000)
  object space 97280K, 69% used [0x0000000782000000,0x0000000786227980,0x0000000787f00000)
 PSPermGen       total 29184K, used 14417K [0x000000077ce00000, 0x000000077ea80000, 0x0000000782000000)
  object space 29184K, 49% used [0x000000077ce00000,0x000000077dc146a8,0x000000077ea80000)
Event: 672.129 GC heap after
Heap after GC invocations=147 (full 1):
 PSYoungGen      total 39936K, used 1408K [0x00000007d6000000, 0x00000007d8d00000, 0x0000000800000000)
  eden space 34816K, 0% used [0x00000007d6000000,0x00000007d6000000,0x00000007d8200000)
  from space 5120K, 27% used [0x00000007d8800000,0x00000007d89600c0,0x00000007d8d00000)
  to   space 5632K, 0% used [0x00000007d8200000,0x00000007d8200000,0x00000007d8780000)
 ParOldGen       total 97280K, used 68342K [0x0000000782000000, 0x0000000787f00000, 0x00000007d6000000)
  object space 97280K, 70% used [0x0000000782000000,0x00000007862bd9c0,0x0000000787f00000)
 PSPermGen       total 29184K, used 14417K [0x000000077ce00000, 0x000000077ea80000, 0x0000000782000000)
  object space 29184K, 49% used [0x000000077ce00000,0x000000077dc146a8,0x000000077ea80000)
}
Event: 675.221 GC heap before
{Heap before GC invocations=148 (full 1):
 PSYoungGen      total 39936K, used 36224K [0x00000007d6000000, 0x00000007d8d00000, 0x0000000800000000)
  eden space 34816K, 100% used [0x00000007d6000000,0x00000007d8200000,0x00000007d8200000)
  from space 5120K, 27% used [0x00000007d8800000,0x00000007d89600c0,0x00000007d8d00000)
  to   space 5632K, 0% used [0x00000007d8200000,0x00000007d8200000,0x00000007d8780000)
 ParOldGen       total 97280K, used 68342K [0x0000000782000000, 0x0000000787f00000, 0x00000007d6000000)
  object space 97280K, 70% used [0x0000000782000000,0x00000007862bd9c0,0x0000000787f00000)
 PSPermGen       total 29184K, used 14418K [0x000000077ce00000, 0x000000077ea80000, 0x0000000782000000)
  object space 29184K, 49% used [0x000000077ce00000,0x000000077dc14bb8,0x000000077ea80000)
Event: 675.224 GC heap after
Heap after GC invocations=148 (full 1):
 PSYoungGen      total 35840K, used 1392K [0x00000007d6000000, 0x00000007d8b80000, 0x0000000800000000)
  eden space 34304K, 0% used [0x00000007d6000000,0x00000007d6000000,0x00000007d8180000)
  from space 1536K, 90% used [0x00000007d8200000,0x00000007d835c0b0,0x00000007d8380000)
  to   space 5120K, 0% used [0x00000007d8680000,0x00000007d8680000,0x00000007d8b80000)
 ParOldGen       total 97280K, used 68850K [0x0000000782000000, 0x0000000787f00000, 0x00000007d6000000)
  object space 97280K, 70% used [0x0000000782000000,0x000000078633c9f0,0x0000000787f00000)
 PSPermGen       total 29184K, used 14418K [0x000000077ce00000, 0x000000077ea80000, 0x0000000782000000)
  object space 29184K, 49% used [0x000000077ce00000,0x000000077dc14bb8,0x000000077ea80000)
}
Event: 681.268 GC heap before
{Heap before GC invocations=149 (full 1):
 PSYoungGen      total 35840K, used 35696K [0x00000007d6000000, 0x00000007d8b80000, 0x0000000800000000)
  eden space 34304K, 100% used [0x00000007d6000000,0x00000007d8180000,0x00000007d8180000)
  from space 1536K, 90% used [0x00000007d8200000,0x00000007d835c0b0,0x00000007d8380000)
  to   space 5120K, 0% used [0x00000007d8680000,0x00000007d8680000,0x00000007d8b80000)
 ParOldGen       total 97280K, used 68850K [0x0000000782000000, 0x0000000787f00000, 0x00000007d6000000)
  object space 97280K, 70% used [0x0000000782000000,0x000000078633c9f0,0x0000000787f00000)
 PSPermGen       total 29184K, used 14418K [0x000000077ce00000, 0x000000077ea80000, 0x0000000782000000)
  object space 29184K, 49% used [0x000000077ce00000,0x000000077dc14bb8,0x000000077ea80000)
Event: 681.272 GC heap after
Heap after GC invocations=149 (full 1):
 PSYoungGen      total 38400K, used 1856K [0x00000007d6000000, 0x00000007d8b00000, 0x0000000800000000)
  eden space 33792K, 0% used [0x00000007d6000000,0x00000007d6000000,0x00000007d8100000)
  from space 4608K, 40% used [0x00000007d8680000,0x00000007d88500a0,0x00000007d8b00000)
  to   space 5120K, 0% used [0x00000007d8100000,0x00000007d8100000,0x00000007d8600000)
 ParOldGen       total 97280K, used 69366K [0x0000000782000000, 0x0000000787f00000, 0x00000007d6000000)
  object space 97280K, 71% used [0x0000000782000000,0x00000007863bda20,0x0000000787f00000)
 PSPermGen       total 29184K, used 14418K [0x000000077ce00000, 0x000000077ea80000, 0x0000000782000000)
  object space 29184K, 49% used [0x000000077ce00000,0x000000077dc14bb8,0x000000077ea80000)
}
Event: 684.321 GC heap before
{Heap before GC invocations=150 (full 1):
 PSYoungGen      total 38400K, used 35648K [0x00000007d6000000, 0x00000007d8b00000, 0x0000000800000000)
  eden space 33792K, 100% used [0x00000007d6000000,0x00000007d8100000,0x00000007d8100000)
  from space 4608K, 40% used [0x00000007d8680000,0x00000007d88500a0,0x00000007d8b00000)
  to   space 5120K, 0% used [0x00000007d8100000,0x00000007d8100000,0x00000007d8600000)
 ParOldGen       total 97280K, used 69366K [0x0000000782000000, 0x0000000787f00000, 0x00000007d6000000)
  object space 97280K, 71% used [0x0000000782000000,0x00000007863bda20,0x0000000787f00000)
 PSPermGen       total 29184K, used 14418K [0x000000077ce00000, 0x000000077ea80000, 0x0000000782000000)
  object space 29184K, 49% used [0x000000077ce00000,0x000000077dc14bb8,0x000000077ea80000)
Event: 684.325 GC heap after
Heap after GC invocations=150 (full 1):
 PSYoungGen      total 34304K, used 832K [0x00000007d6000000, 0x00000007d8980000, 0x0000000800000000)
  eden space 33280K, 0% used [0x00000007d6000000,0x00000007d6000000,0x00000007d8080000)
  from space 1024K, 81% used [0x00000007d8100000,0x00000007d81d00c0,0x00000007d8200000)
  to   space 4608K, 0% used [0x00000007d8500000,0x00000007d8500000,0x00000007d8980000)
 ParOldGen       total 97280K, used 69878K [0x0000000782000000, 0x0000000787f00000, 0x00000007d6000000)
  object space 97280K, 71% used [0x0000000782000000,0x000000078643da60,0x0000000787f00000)
 PSPermGen       total 29184K, used 14418K [0x000000077ce00000, 0x000000077ea80000, 0x0000000782000000)
  object space 29184K, 49% used [0x000000077ce00000,0x000000077dc14bb8,0x000000077ea80000)
}
Event: 687.413 GC heap before
{Heap before GC invocations=151 (full 1):
 PSYoungGen      total 34304K, used 34112K [0x00000007d6000000, 0x00000007d8980000, 0x0000000800000000)
  eden space 33280K, 100% used [0x00000007d6000000,0x00000007d8080000,0x00000007d8080000)
  from space 1024K, 81% used [0x00000007d8100000,0x00000007d81d00c0,0x00000007d8200000)
  to   space 4608K, 0% used [0x00000007d8500000,0x00000007d8500000,0x00000007d8980000)
 ParOldGen       total 97280K, used 69878K [0x0000000782000000, 0x0000000787f00000, 0x00000007d6000000)
  object space 97280K, 71% used [0x0000000782000000,0x000000078643da60,0x0000000787f00000)
 PSPermGen       total 29184K, used 14420K [0x000000077ce00000, 0x000000077ea80000, 0x0000000782000000)
  object space 29184K, 49% used [0x000000077ce00000,0x000000077dc15218,0x000000077ea80000)
Event: 687.420 GC heap after
Heap after GC invocations=151 (full 1):
 PSYoungGen      total 36864K, used 1328K [0x00000007d6000000, 0x00000007d8900000, 0x0000000800000000)
  eden space 32768K, 0% used [0x00000007d6000000,0x00000007d6000000,0x00000007d8000000)
  from space 4096K, 32% used [0x00000007d8500000,0x00000007d864c0b0,0x00000007d8900000)
  to   space 4608K, 0% used [0x00000007d8000000,0x00000007d8000000,0x00000007d8480000)
 ParOldGen       total 97280K, used 70382K [0x0000000782000000, 0x0000000787f00000, 0x00000007d6000000)
  object space 97280K, 72% used [0x0000000782000000,0x00000007864bba80,0x0000000787f00000)
 PSPermGen       total 29184K, used 14420K [0x000000077ce00000, 0x000000077ea80000, 0x0000000782000000)
  object space 29184K, 49% used [0x000000077ce00000,0x000000077dc15218,0x000000077ea80000)
}

